#
# A fatal error has been detected by the Java Runtime Environment:
#
#  EXCEPTION_ACCESS_VIOLATION (0xc0000005) at pc=0x00007ffdd3e9cc83, pid=8172, tid=0x0000000000000dd4
#
# JRE version: Java(TM) SE Runtime Environment (8.0_241-b07) (build 1.8.0_241-b07)
# Java VM: Java HotSpot(TM) 64-Bit Server VM (25.241-b07 mixed mode windows-amd64 compressed oops)
# Problematic frame:
# C  [ntdll.dll+0x1cc83]
#
# Failed to write core dump. Minidumps are not enabled by default on client versions of Windows
#
# If you would like to submit a bug report, please visit:
#   http://bugreport.java.com/bugreport/crash.jsp
# The crash happened outside the Java Virtual Machine in native code.
# See problematic frame for where to report the bug.
#

---------------  T H R E A D  ---------------

Current thread (0x000000001f3a2000):  JavaThread "Thread-3" [_thread_in_native, id=3540, stack(0x00000000238a0000,0x00000000239a0000)]

siginfo: ExceptionCode=0xc0000005, reading address 0x00007ffdbc0b5fa4

Registers:
RAX=0x000000002399de50, RBX=0x0000000000000000, RCX=0x0000000000000001, RDX=0x00007ffdbbf20000
RSP=0x000000002399d860, RBP=0x00007ffdbc0b5fa4, RSI=0x0000000000000000, RDI=0x00007ffdbbf59dd6
R8 =0x00007ffdbbf59dd6, R9 =0x00007ffdbc0d7874, R10=0x00007ffdbc0d7874, R11=0x0000000000000001
R12=0x0000000000000000, R13=0x00007ffdbbf20000, R14=0x000000002399d930, R15=0x00007ffdbbf59dd6
RIP=0x00007ffdd3e9cc83, EFLAGS=0x0000000000010202

Top of Stack: (sp=0x000000002399d860)
0x000000002399d860:   000000002399de48 000000002399ded0
0x000000002399d870:   00007ffdbc0d5984 0000000000000000
0x000000002399d880:   000000002399e4f0 000000002399de30
0x000000002399d890:   00007ffdbbf59dd6 00007ffdd3e9e2d9
0x000000002399d8a0:   0000000000000000 0000000000000000
0x000000002399d8b0:   00007ffdbbf59dd6 000000002399d930
0x000000002399d8c0:   00007ffdbc0d7874 0000000000000000
0x000000002399d8d0:   0000000000000000 000000002399e4f0
0x000000002399d8e0:   000000002399de30 00007ffdd3eea185
0x000000002399d8f0:   000000002399e4f0 00007ffdbbf20000
0x000000002399d900:   0000000000000000 00007ffdbc0d7874
0x000000002399d910:   000000002399d930 000000002399de50
0x000000002399d920:   000000002399de40 0000000000000000
0x000000002399d930:   00000007c004f330 000003030303000a
0x000000002399d940:   000000001f3a2000 000000006276b36f
0x000000002399d950:   0000000002cd0600 00000000627692b3 

Instructions: (pc=0x00007ffdd3e9cc83)
0x00007ffdd3e9cc63:   54 41 55 41 56 41 57 48 83 ec 50 41 8b 69 08 33
0x00007ffdd3e9cc73:   f6 48 03 ea 49 8b f8 4c 8b ea 44 8b d9 44 8b e6
0x00007ffdd3e9cc83:   44 0f b6 55 00 45 8b fa 41 83 e7 07 41 83 ff 02
0x00007ffdd3e9cc93:   73 12 48 8d 45 02 48 8b cd 8b d6 40 38 30 0f 84 


Register to memory mapping:

RAX=0x000000002399de50 is pointing into the stack for thread: 0x000000001f3a2000
RBX=0x0000000000000000 is an unknown value
RCX=0x0000000000000001 is an unknown value
RDX=0x00007ffdbbf20000 is an unknown value
RSP=0x000000002399d860 is pointing into the stack for thread: 0x000000001f3a2000
RBP=0x00007ffdbc0b5fa4 is an unknown value
RSI=0x0000000000000000 is an unknown value
RDI=0x00007ffdbbf59dd6 is an unknown value
R8 =0x00007ffdbbf59dd6 is an unknown value
R9 =0x00007ffdbc0d7874 is an unknown value
R10=0x00007ffdbc0d7874 is an unknown value
R11=0x0000000000000001 is an unknown value
R12=0x0000000000000000 is an unknown value
R13=0x00007ffdbbf20000 is an unknown value
R14=0x000000002399d930 is pointing into the stack for thread: 0x000000001f3a2000
R15=0x00007ffdbbf59dd6 is an unknown value


Stack: [0x00000000238a0000,0x00000000239a0000],  sp=0x000000002399d860,  free space=1014k
Native frames: (J=compiled Java code, j=interpreted, Vv=VM code, C=native code)
C  [ntdll.dll+0x1cc83]
C  [ntdll.dll+0x6a185]
C  [ntdll.dll+0x9fe3e]
C  [ntdll.dll+0x72a6]
C  [ntdll.dll+0x1b576]
C  [ntdll.dll+0x1b3c0]
C  0x00007ffdbbf2fe56

Java frames: (J=compiled Java code, j=interpreted, Vv=VM code)
j  sun.java2d.d3d.D3DSurfaceData.initOps(III)V+0
j  sun.java2d.d3d.D3DSurfaceData.<init>(Lsun/awt/windows/WComponentPeer;Lsun/java2d/d3d/D3DGraphicsConfig;IILjava/awt/Image;Ljava/awt/image/ColorModel;IILsun/java2d/pipe/hw/ExtendedBufferCapabilities$VSyncType;I)V+76
j  sun.java2d.d3d.D3DSurfaceData.createData(Lsun/awt/windows/WComponentPeer;Ljava/awt/Image;)Lsun/java2d/d3d/D3DSurfaceData;+117
j  sun.java2d.d3d.D3DVolatileSurfaceManager.initAcceleratedSurface()Lsun/java2d/SurfaceData;+59
j  sun.java2d.d3d.D3DVolatileSurfaceManager.restoreAcceleratedSurface()V+62
j  sun.awt.image.VolatileSurfaceManager.validate(Ljava/awt/GraphicsConfiguration;)I+94
j  sun.awt.image.SunVolatileImage.validate(Ljava/awt/GraphicsConfiguration;)I+5
j  java.awt.Component$FlipBufferStrategy.revalidate(Z)V+82
j  java.awt.Component$FlipBufferStrategy.revalidate()V+2
j  java.awt.Component$FlipBufferStrategy.getDrawGraphics()Ljava/awt/Graphics;+1
J 569 C1 com.mvjstudios.main.Game.render()V (128 bytes) @ 0x000000000301e764 [0x000000000301db00+0xc64]
J 533% C2 com.mvjstudios.main.Game.run()V (140 bytes) @ 0x0000000002ff93a4 [0x0000000002ff8fa0+0x404]
j  java.lang.Thread.run()V+11
v  ~StubRoutines::call_stub

---------------  P R O C E S S  ---------------

Java Threads: ( => current thread )
  0x0000000002cae800 JavaThread "DestroyJavaVM" [_thread_blocked, id=19684, stack(0x0000000002b50000,0x0000000002c50000)]
=>0x000000001f3a2000 JavaThread "Thread-3" [_thread_in_native, id=3540, stack(0x00000000238a0000,0x00000000239a0000)]
  0x000000001f32c000 JavaThread "AWT-EventQueue-0" [_thread_blocked, id=21224, stack(0x0000000021f60000,0x0000000022060000)]
  0x000000001f303800 JavaThread "AWT-Shutdown" [_thread_blocked, id=352, stack(0x000000001fc00000,0x000000001fd00000)]
  0x000000001f300800 JavaThread "Java2D Disposer" daemon [_thread_blocked, id=18356, stack(0x000000001fb00000,0x000000001fc00000)]
  0x000000001e3aa800 JavaThread "Service Thread" daemon [_thread_blocked, id=14404, stack(0x000000001eef0000,0x000000001eff0000)]
  0x000000001e32b800 JavaThread "C1 CompilerThread3" daemon [_thread_blocked, id=16764, stack(0x000000001edf0000,0x000000001eef0000)]
  0x000000001e31b000 JavaThread "C2 CompilerThread2" daemon [_thread_blocked, id=19432, stack(0x000000001ecf0000,0x000000001edf0000)]
  0x000000001e311800 JavaThread "C2 CompilerThread1" daemon [_thread_blocked, id=18328, stack(0x000000001ebf0000,0x000000001ecf0000)]
  0x000000001e30f800 JavaThread "C2 CompilerThread0" daemon [_thread_blocked, id=19636, stack(0x000000001eaf0000,0x000000001ebf0000)]
  0x000000001e308000 JavaThread "Attach Listener" daemon [_thread_blocked, id=6476, stack(0x000000001e9f0000,0x000000001eaf0000)]
  0x000000001e307000 JavaThread "Signal Dispatcher" daemon [_thread_blocked, id=9532, stack(0x000000001e8f0000,0x000000001e9f0000)]
  0x0000000002dc9000 JavaThread "Finalizer" daemon [_thread_blocked, id=12072, stack(0x000000001e6e0000,0x000000001e7e0000)]
  0x0000000002dc8000 JavaThread "Reference Handler" daemon [_thread_blocked, id=1168, stack(0x000000001e1e0000,0x000000001e2e0000)]

Other Threads:
  0x000000001c409800 VMThread [stack: 0x000000001e0e0000,0x000000001e1e0000] [id=15332]
  0x000000001e3ad000 WatcherThread [stack: 0x000000001f150000,0x000000001f250000] [id=15196]

VM state:not at safepoint (normal execution)

VM Mutex/Monitor currently owned by a thread: None

heap address: 0x00000006c8e00000, size: 3954 MB, Compressed Oops mode: Zero based, Oop shift amount: 3
Narrow klass base: 0x0000000000000000, Narrow klass shift: 3
Compressed class space size: 1073741824 Address: 0x00000007c0000000

Heap:
 PSYoungGen      total 74240K, used 16649K [0x000000076da00000, 0x0000000772c80000, 0x00000007c0000000)
  eden space 64000K, 26% used [0x000000076da00000,0x000000076ea42420,0x0000000771880000)
  from space 10240K, 0% used [0x0000000772280000,0x0000000772280000,0x0000000772c80000)
  to   space 10240K, 0% used [0x0000000771880000,0x0000000771880000,0x0000000772280000)
 ParOldGen       total 169472K, used 0K [0x00000006c8e00000, 0x00000006d3380000, 0x000000076da00000)
  object space 169472K, 0% used [0x00000006c8e00000,0x00000006c8e00000,0x00000006d3380000)
 Metaspace       used 9836K, capacity 10056K, committed 10368K, reserved 1058816K
  class space    used 1208K, capacity 1286K, committed 1408K, reserved 1048576K

Card table byte_map: [0x0000000012190000,0x0000000012950000] byte_map_base: 0x000000000eb49000

Marking Bits: (ParMarkBitMap*) 0x0000000062efbe30
 Begin Bits: [0x0000000013680000, 0x0000000017448000)
 End Bits:   [0x0000000017448000, 0x000000001b210000)

Polling page: 0x00000000011d0000

CodeCache: size=245760Kb used=2456Kb max_used=2456Kb free=243304Kb
 bounds [0x0000000002dd0000, 0x0000000003040000, 0x0000000011dd0000]
 total_blobs=1104 nmethods=628 adapters=389
 compilation: enabled

Compilation events (10 events):
Event: 3.707 Thread 0x000000001e32b800  624       3       sun.java2d.SunGraphics2D::setDevClip (45 bytes)
Event: 3.708 Thread 0x000000001e32b800 nmethod 624 0x0000000003031cd0 code [0x0000000003031ea0, 0x0000000003032858]
Event: 3.807 Thread 0x000000001e32b800  625       3       java.awt.Color::testColorValueRange (186 bytes)
Event: 3.808 Thread 0x000000001e32b800 nmethod 625 0x0000000003032cd0 code [0x0000000003033060, 0x0000000003035298]
Event: 3.874 Thread 0x000000001e32b800  626       3       sun.awt.image.PixelConverter$ArgbPre::rgbToPixel (100 bytes)
Event: 3.874 Thread 0x000000001e32b800 nmethod 626 0x00000000030361d0 code [0x0000000003036320, 0x0000000003036510]
Event: 4.057 Thread 0x000000001e32b800  627       3       java.awt.Component::getBounds (5 bytes)
Event: 4.057 Thread 0x000000001e32b800 nmethod 627 0x0000000003036590 code [0x0000000003036720, 0x0000000003036b50]
Event: 4.057 Thread 0x000000001e32b800  628       3       java.awt.Component::bounds (24 bytes)
Event: 4.058 Thread 0x000000001e32b800 nmethod 628 0x0000000003036d50 code [0x0000000003036ec0, 0x0000000003037210]

GC Heap History (0 events):
No events

Deoptimization events (3 events):
Event: 0.640 Thread 0x000000001f3a2000 Uncommon trap: reason=unstable_if action=reinterpret pc=0x0000000002fb589c method=com.mvjstudios.main.Game.run()V @ 59
Event: 1.595 Thread 0x000000001f3a2000 Uncommon trap: reason=unstable_if action=reinterpret pc=0x0000000002fb680c method=com.mvjstudios.main.Game.run()V @ 90
Event: 2.457 Thread 0x000000001f3a2000 Uncommon trap: reason=unstable_if action=reinterpret pc=0x0000000002fe20a0 method=java.awt.Rectangle.intersects(Ljava/awt/Rectangle;)Z @ 139

Classes redefined (0 events):
No events

Internal exceptions (10 events):
Event: 0.040 Thread 0x0000000002cae800 Exception <a 'java/lang/NoSuchMethodError': Method sun.misc.Unsafe.prefetchRead(Ljava/lang/Object;J)V name or signature does not match> (0x000000076da07fa8) thrown at [C:\ade\jenkins\workspace\8-2-build-windows-amd64-cygwin\jdk8u241\331\hotspot\src\share\
Event: 0.079 Thread 0x0000000002cae800 Exception <a 'java/io/FileNotFoundException'> (0x000000076da56650) thrown at [C:\ade\jenkins\workspace\8-2-build-windows-amd64-cygwin\jdk8u241\331\hotspot\src\share\vm\prims\jni.cpp, line 710]
Event: 0.102 Thread 0x0000000002cae800 Exception <a 'java/security/PrivilegedActionException'> (0x000000076da823e8) thrown at [C:\ade\jenkins\workspace\8-2-build-windows-amd64-cygwin\jdk8u241\331\hotspot\src\share\vm\prims\jvm.cpp, line 1502]
Event: 0.102 Thread 0x0000000002cae800 Exception <a 'java/security/PrivilegedActionException'> (0x000000076da825f8) thrown at [C:\ade\jenkins\workspace\8-2-build-windows-amd64-cygwin\jdk8u241\331\hotspot\src\share\vm\prims\jvm.cpp, line 1502]
Event: 0.103 Thread 0x0000000002cae800 Exception <a 'java/security/PrivilegedActionException'> (0x000000076da86268) thrown at [C:\ade\jenkins\workspace\8-2-build-windows-amd64-cygwin\jdk8u241\331\hotspot\src\share\vm\prims\jvm.cpp, line 1502]
Event: 0.103 Thread 0x0000000002cae800 Exception <a 'java/security/PrivilegedActionException'> (0x000000076da86478) thrown at [C:\ade\jenkins\workspace\8-2-build-windows-amd64-cygwin\jdk8u241\331\hotspot\src\share\vm\prims\jvm.cpp, line 1502]
Event: 0.112 Thread 0x0000000002cae800 Exception <a 'java/io/FileNotFoundException'> (0x000000076da8d6d0) thrown at [C:\ade\jenkins\workspace\8-2-build-windows-amd64-cygwin\jdk8u241\331\hotspot\src\share\vm\prims\jni.cpp, line 710]
Event: 0.151 Thread 0x0000000002cae800 Exception <a 'java/lang/NoSuchFieldError': method resolution failed> (0x000000076dc9ede0) thrown at [C:\ade\jenkins\workspace\8-2-build-windows-amd64-cygwin\jdk8u241\331\hotspot\src\share\vm\prims\methodHandles.cpp, line 1167]
Event: 0.153 Thread 0x0000000002cae800 Exception <a 'java/lang/NoSuchFieldError': method resolution failed> (0x000000076dcac1b0) thrown at [C:\ade\jenkins\workspace\8-2-build-windows-amd64-cygwin\jdk8u241\331\hotspot\src\share\vm\prims\methodHandles.cpp, line 1167]
Event: 0.192 Thread 0x0000000002cae800 Exception <a 'java/io/FileNotFoundException'> (0x000000076dd488b0) thrown at [C:\ade\jenkins\workspace\8-2-build-windows-amd64-cygwin\jdk8u241\331\hotspot\src\share\vm\prims\jni.cpp, line 710]

Events (10 events):
Event: 4.046 loading class java/util/WeakHashMap$KeyIterator
Event: 4.046 Thread 0x000000001f3da000 Thread exited: 0x000000001f3da000
Event: 4.046 Thread 0x000000001f386000 Thread exited: 0x000000001f386000
Event: 4.046 loading class java/util/WeakHashMap$HashIterator
Event: 4.046 loading class java/util/WeakHashMap$HashIterator done
Event: 4.046 loading class java/util/WeakHashMap$KeyIterator done
Event: 4.046 Thread 0x000000001f3d9000 Thread exited: 0x000000001f3d9000
Event: 4.046 loading class sun/java2d/pipe/hw/AccelDeviceEventNotifier
Event: 4.046 loading class sun/java2d/pipe/hw/AccelDeviceEventNotifier done
Event: 4.070 Thread 0x000000001f304000 Thread exited: 0x000000001f304000


Dynamic libraries:
0x00007ff628b90000 - 0x00007ff628bc7000 	C:\Program Files\Java\jre1.8.0_241\bin\javaw.exe
0x00007ffdd3e80000 - 0x00007ffdd4070000 	C:\WINDOWS\SYSTEM32\ntdll.dll
0x00007ffdb3380000 - 0x00007ffdb3392000 	C:\Program Files\AVG\Antivirus\aswhook.dll
0x00007ffdd3620000 - 0x00007ffdd36d2000 	C:\WINDOWS\System32\KERNEL32.DLL
0x00007ffdd15f0000 - 0x00007ffdd1895000 	C:\WINDOWS\System32\KERNELBASE.dll
0x00007ffdd32c0000 - 0x00007ffdd3363000 	C:\WINDOWS\System32\ADVAPI32.dll
0x00007ffdd2cd0000 - 0x00007ffdd2d6e000 	C:\WINDOWS\System32\msvcrt.dll
0x00007ffdd3580000 - 0x00007ffdd3617000 	C:\WINDOWS\System32\sechost.dll
0x00007ffdd2dc0000 - 0x00007ffdd2ee0000 	C:\WINDOWS\System32\RPCRT4.dll
0x00007ffdd2ee0000 - 0x00007ffdd3075000 	C:\WINDOWS\System32\USER32.dll
0x00007ffdd1b90000 - 0x00007ffdd1bb1000 	C:\WINDOWS\System32\win32u.dll
0x00007ffdd3370000 - 0x00007ffdd3396000 	C:\WINDOWS\System32\GDI32.dll
0x00007ffdd1d10000 - 0x00007ffdd1ea6000 	C:\WINDOWS\System32\gdi32full.dll
0x00007ffdd1980000 - 0x00007ffdd1a1e000 	C:\WINDOWS\System32\msvcp_win.dll
0x00007ffdd1bc0000 - 0x00007ffdd1cba000 	C:\WINDOWS\System32\ucrtbase.dll
0x00007ffdcb8a0000 - 0x00007ffdcbb24000 	C:\WINDOWS\WinSxS\amd64_microsoft.windows.common-controls_6595b64144ccf1df_6.0.18362.1082_none_9e8193e1e45b25c1\COMCTL32.dll
0x00007ffdd2070000 - 0x00007ffdd23a5000 	C:\WINDOWS\System32\combase.dll
0x00007ffdd1eb0000 - 0x00007ffdd1f30000 	C:\WINDOWS\System32\bcryptPrimitives.dll
0x00007ffdd2d80000 - 0x00007ffdd2dae000 	C:\WINDOWS\System32\IMM32.DLL
0x0000000062510000 - 0x00000000625e2000 	C:\Program Files\Java\jre1.8.0_241\bin\msvcr100.dll
0x00000000626d0000 - 0x0000000062f7c000 	C:\Program Files\Java\jre1.8.0_241\bin\server\jvm.dll
0x00007ffdd2610000 - 0x00007ffdd2618000 	C:\WINDOWS\System32\PSAPI.DLL
0x00007ffdc3350000 - 0x00007ffdc3359000 	C:\WINDOWS\SYSTEM32\WSOCK32.dll
0x00007ffdd3dd0000 - 0x00007ffdd3e3f000 	C:\WINDOWS\System32\WS2_32.dll
0x00007ffdce920000 - 0x00007ffdce944000 	C:\WINDOWS\SYSTEM32\WINMM.dll
0x00007ffdcbb60000 - 0x00007ffdcbb6a000 	C:\WINDOWS\SYSTEM32\VERSION.dll
0x00007ffdce820000 - 0x00007ffdce84d000 	C:\WINDOWS\SYSTEM32\WINMMBASE.dll
0x00007ffdd1cc0000 - 0x00007ffdd1d0a000 	C:\WINDOWS\System32\cfgmgr32.dll
0x00007ffdce970000 - 0x00007ffdce97f000 	C:\Program Files\Java\jre1.8.0_241\bin\verify.dll
0x00007ffdc5d00000 - 0x00007ffdc5d29000 	C:\Program Files\Java\jre1.8.0_241\bin\java.dll
0x00007ffdc5ce0000 - 0x00007ffdc5cf6000 	C:\Program Files\Java\jre1.8.0_241\bin\zip.dll
0x00007ffdd36e0000 - 0x00007ffdd3dc7000 	C:\WINDOWS\System32\SHELL32.dll
0x00007ffdd23b0000 - 0x00007ffdd2459000 	C:\WINDOWS\System32\shcore.dll
0x00007ffdd0e70000 - 0x00007ffdd15f0000 	C:\WINDOWS\System32\windows.storage.dll
0x00007ffdd0de0000 - 0x00007ffdd0e03000 	C:\WINDOWS\System32\profapi.dll
0x00007ffdd0d50000 - 0x00007ffdd0d9a000 	C:\WINDOWS\System32\powrprof.dll
0x00007ffdd0d40000 - 0x00007ffdd0d50000 	C:\WINDOWS\System32\UMPDC.dll
0x00007ffdd3520000 - 0x00007ffdd3572000 	C:\WINDOWS\System32\shlwapi.dll
0x00007ffdd0da0000 - 0x00007ffdd0db1000 	C:\WINDOWS\System32\kernel.appcore.dll
0x00007ffdd1a20000 - 0x00007ffdd1a37000 	C:\WINDOWS\System32\cryptsp.dll
0x00007ffd9c450000 - 0x00007ffd9c5ea000 	C:\Program Files\Java\jre1.8.0_241\bin\awt.dll
0x00007ffdd1f30000 - 0x00007ffdd1ff5000 	C:\WINDOWS\System32\OLEAUT32.dll
0x00007ffdcefc0000 - 0x00007ffdcf04f000 	C:\WINDOWS\SYSTEM32\apphelp.dll
0x00007ffdcf5a0000 - 0x00007ffdcf5cd000 	C:\WINDOWS\system32\DWMAPI.DLL
0x00007ffdcf0b0000 - 0x00007ffdcf149000 	C:\WINDOWS\system32\uxtheme.dll
0x00007ffdb5f10000 - 0x00007ffdb6066000 	C:\WINDOWS\system32\opengl32.dll
0x00007ffdc9ff0000 - 0x00007ffdca01c000 	C:\WINDOWS\SYSTEM32\GLU32.dll
0x00007ffdcf990000 - 0x00007ffdcf9b0000 	C:\WINDOWS\SYSTEM32\dxcore.dll
0x00007ffdd2b70000 - 0x00007ffdd2ca5000 	C:\WINDOWS\System32\MSCTF.dll
0x00007ffdd3160000 - 0x00007ffdd32b7000 	C:\WINDOWS\System32\ole32.dll
0x00007ffdc1e30000 - 0x00007ffdc1e79000 	C:\Program Files\Java\jre1.8.0_241\bin\fontmanager.dll
0x00007ffdc8730000 - 0x00007ffdc87ce000 	C:\WINDOWS\System32\TextInputFramework.dll
0x00007ffdc98e0000 - 0x00007ffdc9c0a000 	C:\WINDOWS\System32\CoreUIComponents.dll
0x00007ffdcedc0000 - 0x00007ffdcee94000 	C:\WINDOWS\System32\CoreMessaging.dll
0x00007ffdcfe00000 - 0x00007ffdcfe31000 	C:\WINDOWS\SYSTEM32\ntmarta.dll
0x00007ffdcad10000 - 0x00007ffdcae63000 	C:\WINDOWS\SYSTEM32\wintypes.dll
0x00007ffdc5150000 - 0x00007ffdc53f6000 	C:\WINDOWS\System32\iertutil.dll
0x00007ffdd00a0000 - 0x00007ffdd00d3000 	C:\WINDOWS\system32\rsaenh.dll
0x00007ffdd18a0000 - 0x00007ffdd18c6000 	C:\WINDOWS\System32\bcrypt.dll
0x00007ffdd0c20000 - 0x00007ffdd0c45000 	C:\WINDOWS\SYSTEM32\USERENV.dll
0x00007ffdd0700000 - 0x00007ffdd070c000 	C:\WINDOWS\SYSTEM32\CRYPTBASE.dll
0x00007ffdc25a0000 - 0x00007ffdc25ba000 	C:\Program Files\Java\jre1.8.0_241\bin\net.dll
0x00007ffdd0530000 - 0x00007ffdd0597000 	C:\WINDOWS\system32\mswsock.dll
0x00007ffdd0240000 - 0x00007ffdd027a000 	C:\WINDOWS\SYSTEM32\IPHLPAPI.DLL
0x00007ffdd2d70000 - 0x00007ffdd2d78000 	C:\WINDOWS\System32\NSI.dll
0x00007ffdcc550000 - 0x00007ffdcc566000 	C:\WINDOWS\SYSTEM32\dhcpcsvc6.DLL
0x00007ffdcc530000 - 0x00007ffdcc54c000 	C:\WINDOWS\SYSTEM32\dhcpcsvc.DLL
0x00007ffdd0280000 - 0x00007ffdd034b000 	C:\WINDOWS\SYSTEM32\DNSAPI.dll
0x00007ffdc2580000 - 0x00007ffdc2592000 	C:\Program Files\Java\jre1.8.0_241\bin\nio.dll
0x00007ffdca440000 - 0x00007ffdca634000 	C:\WINDOWS\SYSTEM32\dbghelp.dll

VM Arguments:
jvm_args: -Dfile.encoding=Cp1252 
java_command: com.mvjstudios.main.Game
java_class_path (initial): C:\Users\Marcelo\eclipse-workspace\GameTipoZelda\bin
Launcher Type: SUN_STANDARD

Environment Variables:
JAVA_HOME=C:\Program Files\AdoptOpenJDK\jdk-11.0.8.10-hotspot\
PATH=C:/Program Files/Java/jre1.8.0_241/bin/server;C:/Program Files/Java/jre1.8.0_241/bin;C:/Program Files/Java/jre1.8.0_241/lib/amd64;C:\Program Files (x86)\Common Files\Oracle\Java\javapath;C:\Program Files\AdoptOpenJDK\jdk-11.0.8.10-hotspot\bin;C:\Program Files (x86)\NVIDIA Corporation\PhysX\Common;C:\WINDOWS\system32;C:\WINDOWS;C:\WINDOWS\System32\Wbem;C:\WINDOWS\System32\WindowsPowerShell\v1.0\;C:\WINDOWS\System32\OpenSSH\;C:\Program Files\Java\jdk1.8.0_241\bin;C:\Program Files\dotnet\;C:\Program Files\Microsoft SQL Server\130\Tools\Binn\;C:\Program Files\Microsoft SQL Server\Client SDK\ODBC\170\Tools\Binn\;C:\Program Files\nodejs\;C:\Program Files\Git\cmd;C:\Users\Marcelo\AppData\Local\Microsoft\WindowsApps;;C:\Users\Marcelo\.dotnet\tools;C:\Users\Marcelo\.dotnet\tools;C:\Users\Marcelo\AppData\Roaming\npm;C:\Program Files\JetBrains\IntelliJ IDEA Community Edition 2020.2.2\bin;;C:\Users\Marcelo\eclipse\java-2020-06\eclipse;
USERNAME=Marcelo
OS=Windows_NT
PROCESSOR_IDENTIFIER=Intel64 Family 6 Model 58 Stepping 9, GenuineIntel



---------------  S Y S T E M  ---------------

OS: Windows 10.0 , 64 bit Build 18362 (10.0.18362.1082)

CPU:total 8 (initial active 8) (4 cores per cpu, 2 threads per core) family 6 model 58 stepping 9, cmov, cx8, fxsr, mmx, sse, sse2, sse3, ssse3, sse4.1, sse4.2, popcnt, avx, aes, clmul, erms, ht, tsc, tscinvbit, tscinv

Memory: 4k page, physical 16187992k(8890912k free), swap 18678360k(10463060k free)

vm_info: Java HotSpot(TM) 64-Bit Server VM (25.241-b07) for windows-amd64 JRE (1.8.0_241-b07), built on Dec 11 2019 10:21:40 by "rejava" with MS VC++ 10.0 (VS2010)

time: Wed Oct 07 22:46:06 2020
timezone: Hora oficial do Brasil
elapsed time: 4 seconds (0d 0h 0m 4s)

